#
# There is insufficient memory for the Java Runtime Environment to continue.
# Native memory allocation (mmap) failed to map 134217728 bytes for Failed to commit area from 0x0000000081400000 to 0x0000000089400000 of length 134217728.
# Possible reasons:
#   The system is out of physical RAM or swap space
#   The process is running with CompressedOops enabled, and the Java Heap may be blocking the growth of the native heap
# Possible solutions:
#   Reduce memory load on the system
#   Increase physical memory or swap space
#   Check if swap backing store is full
#   Decrease Java heap size (-Xmx/-Xms)
#   Decrease number of Java threads
#   Decrease Java thread stack sizes (-Xss)
#   Set larger code cache with -XX:ReservedCodeCacheSize=
# This output file may be truncated or incomplete.
#
#  Out of Memory Error (t:/workspace/open/src/hotspot/os/windows/os_windows.cpp:3264), pid=12148, tid=24564
#
# JRE version:  (12.0.2+10) (build )
# Java VM: Java HotSpot(TM) 64-Bit Server VM (12.0.2+10, mixed mode, aot, sharing, tiered, compressed oops, g1 gc, windows-amd64)
# No core dump will be written. Minidumps are not enabled by default on client versions of Windows
#

---------------  S U M M A R Y ------------

Command Line: -Dfile.encoding=Cp1252 --module-path=D:\Knowledge\java Zensar\game\bin -Djdk.module.main=game game/game.Main

Host: Intel(R) Core(TM) i5-7200U CPU @ 2.50GHz, 4 cores, 7G,  Windows 10 , 64 bit Build 17763 (10.0.17763.475)
Time: Thu Jan  2 16:26:26 2020 India Standard Time elapsed time: 0 seconds (0d 0h 0m 0s)

---------------  T H R E A D  ---------------

Current thread (0x00000194de3c5800):  JavaThread "Unknown thread" [_thread_in_vm, id=24564, stack(0x0000004639400000,0x0000004639500000)]

Stack: [0x0000004639400000,0x0000004639500000]
Native frames: (J=compiled Java code, j=interpreted, Vv=VM code, C=native code)
V  [jvm.dll+0x63aa2a]
V  [jvm.dll+0x78ce1e]
V  [jvm.dll+0x78e4c1]
V  [jvm.dll+0x78eb13]
V  [jvm.dll+0x2627e8]
V  [jvm.dll+0x637f5a]
V  [jvm.dll+0x62c845]
V  [jvm.dll+0x31e49c]
V  [jvm.dll+0x31e2cf]
V  [jvm.dll+0x324006]
V  [jvm.dll+0x371f56]
V  [jvm.dll+0x371720]
V  [jvm.dll+0x2f845a]
V  [jvm.dll+0x2f96d2]
V  [jvm.dll+0x767267]
V  [jvm.dll+0x7689f5]
V  [jvm.dll+0x380059]
V  [jvm.dll+0x74b794]
V  [jvm.dll+0x3ef5cd]
V  [jvm.dll+0x3f1471]
C  [jli.dll+0x51cf]
C  [ucrtbase.dll+0x21ffa]
C  [KERNEL32.DLL+0x17974]
C  [ntdll.dll+0x6a271]


---------------  P R O C E S S  ---------------

Threads class SMR info:
_java_thread_list=0x00007ffb420b7928, length=0, elements={
}

Java Threads: ( => current thread )

Other Threads:
  0x00000194de405000 GCTaskThread "GC Thread#0" [stack: 0x0000004639500000,0x0000004639600000] [id=24028]
  0x00000194de415800 ConcurrentGCThread "G1 Main Marker" [stack: 0x0000004639600000,0x0000004639700000] [id=12104]
  0x00000194de41b000 ConcurrentGCThread "G1 Conc#0" [stack: 0x0000004639700000,0x0000004639800000] [id=15536]

[error occurred during error reporting (printing all threads), id 0xc0000005, EXCEPTION_ACCESS_VIOLATION (0xc0000005) at pc=0x00007ffb418e85e7]

VM state:not at safepoint (not fully initialized)

VM Mutex/Monitor currently owned by a thread:  ([mutex/lock_event])
[0x00000194de3c19a0] Heap_lock - owner thread: 0x00000194de3c5800

Heap address: 0x0000000081400000, size: 2028 MB, Compressed Oops mode: Non-zero based: 0x0000000081400000
Narrow klass base: 0x0000000000000000, Narrow klass shift: 0

GC Heap History (0 events):
No events

Deoptimization events (0 events):
No events

Classes redefined (0 events):
No events

Internal exceptions (0 events):
No events

Events (0 events):
No events


Dynamic libraries:
0x00007ff6c9dc0000 - 0x00007ff6c9dcf000 	C:\Java\bin\javaw.exe
0x00007ffb8c130000 - 0x00007ffb8c31d000 	C:\WINDOWS\SYSTEM32\ntdll.dll
0x00007ffb8aa60000 - 0x00007ffb8ab13000 	C:\WINDOWS\System32\KERNEL32.DLL
0x00007ffb88590000 - 0x00007ffb88823000 	C:\WINDOWS\System32\KERNELBASE.dll
0x00007ffb88860000 - 0x00007ffb8895a000 	C:\WINDOWS\System32\ucrtbase.dll
0x00007ffb836c0000 - 0x00007ffb836d8000 	C:\Java\bin\jli.dll
0x00007ffb836a0000 - 0x00007ffb836b6000 	C:\Java\bin\VCRUNTIME140.dll
0x00007ffb895f0000 - 0x00007ffb89693000 	C:\WINDOWS\System32\ADVAPI32.dll
0x00007ffb89ec0000 - 0x00007ffb89f5e000 	C:\WINDOWS\System32\msvcrt.dll
0x00007ffb89400000 - 0x00007ffb8949e000 	C:\WINDOWS\System32\sechost.dll
0x00007ffb8a880000 - 0x00007ffb8a9a2000 	C:\WINDOWS\System32\RPCRT4.dll
0x00007ffb89ae0000 - 0x00007ffb89c77000 	C:\WINDOWS\System32\USER32.dll
0x00007ffb88470000 - 0x00007ffb88490000 	C:\WINDOWS\System32\win32u.dll
0x00007ffb89370000 - 0x00007ffb89399000 	C:\WINDOWS\System32\GDI32.dll
0x00007ffb75f90000 - 0x00007ffb76209000 	C:\WINDOWS\WinSxS\amd64_microsoft.windows.common-controls_6595b64144ccf1df_6.0.17763.864_none_05b3441807210760\COMCTL32.dll
0x00007ffb88a40000 - 0x00007ffb88bd9000 	C:\WINDOWS\System32\gdi32full.dll
0x00007ffb8a3e0000 - 0x00007ffb8a70c000 	C:\WINDOWS\System32\combase.dll
0x00007ffb881f0000 - 0x00007ffb88290000 	C:\WINDOWS\System32\msvcp_win.dll
0x00007ffb88960000 - 0x00007ffb889de000 	C:\WINDOWS\System32\bcryptPrimitives.dll
0x00007ffb81830000 - 0x00007ffb8183a000 	C:\WINDOWS\SYSTEM32\VERSION.dll
0x00007ffb896b0000 - 0x00007ffb896de000 	C:\WINDOWS\System32\IMM32.DLL
0x00007ffb6d230000 - 0x00007ffb6d2da000 	C:\Java\bin\msvcp140.dll
0x00007ffb415e0000 - 0x00007ffb42157000 	C:\Java\bin\server\jvm.dll
0x00007ffb896a0000 - 0x00007ffb896a8000 	C:\WINDOWS\System32\PSAPI.DLL
0x00007ffb7a9c0000 - 0x00007ffb7a9c9000 	C:\WINDOWS\SYSTEM32\WSOCK32.dll
0x00007ffb8c030000 - 0x00007ffb8c09d000 	C:\WINDOWS\System32\WS2_32.dll
0x00007ffb7cec0000 - 0x00007ffb7cee4000 	C:\WINDOWS\SYSTEM32\WINMM.dll
0x00007ffb7cc80000 - 0x00007ffb7ccad000 	C:\WINDOWS\SYSTEM32\winmmbase.dll
0x00007ffb88490000 - 0x00007ffb884da000 	C:\WINDOWS\System32\cfgmgr32.dll
0x00007ffb881a0000 - 0x00007ffb881b1000 	C:\WINDOWS\System32\kernel.appcore.dll
0x00007ffb65560000 - 0x00007ffb65571000 	C:\Java\bin\verify.dll
0x00007ffb86ce0000 - 0x00007ffb86ecd000 	C:\WINDOWS\SYSTEM32\DBGHELP.DLL
0x00007ffb80890000 - 0x00007ffb808ba000 	C:\WINDOWS\SYSTEM32\dbgcore.DLL
0x00007ffb52090000 - 0x00007ffb520b6000 	C:\Java\bin\java.dll
0x00007ffb64290000 - 0x00007ffb642a7000 	C:\Java\bin\zip.dll
0x00007ffb6b290000 - 0x00007ffb6b29a000 	C:\Java\bin\jimage.dll

dbghelp: loaded successfully - version: 4.0.5 - missing functions: none
symbol engine: initialized successfully - sym options: 0x614 - pdb path: .;C:\Java\bin;C:\WINDOWS\SYSTEM32;C:\WINDOWS\WinSxS\amd64_microsoft.windows.common-controls_6595b64144ccf1df_6.0.17763.864_none_05b3441807210760;C:\Java\bin\server

VM Arguments:
jvm_args: -Dfile.encoding=Cp1252 --module-path=D:\Knowledge\java Zensar\game\bin -Djdk.module.main=game 
java_command: game/game.Main
java_class_path (initial): <not set>
Launcher Type: SUN_STANDARD

[Global flags]
     intx CICompilerCount                          = 3                                         {product} {ergonomic}
     uint ConcGCThreads                            = 1                                         {product} {ergonomic}
     uint G1ConcRefinementThreads                  = 4                                         {product} {ergonomic}
   size_t G1HeapRegionSize                         = 1048576                                   {product} {ergonomic}
    uintx GCDrainStackTargetSize                   = 64                                        {product} {ergonomic}
   size_t InitialHeapSize                          = 134217728                                 {product} {ergonomic}
   size_t MarkStackSize                            = 4194304                                   {product} {ergonomic}
   size_t MaxHeapSize                              = 2126512128                                {product} {ergonomic}
   size_t MinHeapDeltaBytes                        = 1048576                                   {product} {ergonomic}
    uintx NonNMethodCodeHeapSize                   = 5830732                                {pd product} {ergonomic}
    uintx NonProfiledCodeHeapSize                  = 122913754                              {pd product} {ergonomic}
    uintx ProfiledCodeHeapSize                     = 122913754                              {pd product} {ergonomic}
    uintx ReservedCodeCacheSize                    = 251658240                              {pd product} {ergonomic}
     bool SegmentedCodeCache                       = true                                      {product} {ergonomic}
     bool UseCompressedClassPointers               = true                                 {lp64_product} {ergonomic}
     bool UseCompressedOops                        = true                                 {lp64_product} {ergonomic}
     bool UseG1GC                                  = true                                      {product} {ergonomic}
     bool UseLargePagesIndividualAllocation        = false                                  {pd product} {ergonomic}

Logging:
Log output configuration:
 #0: stdout all=warning uptime,level,tags
 #1: stderr all=off uptime,level,tags

Environment Variables:
PATH=C:/Java/bin/server;C:/Java/bin;C:\oraclexe\app\oracle\product\11.2.0\server\bin;;C:\Program Files (x86)\Intel\iCLS Client\;C:\Program Files\Intel\iCLS Client\;C:\WINDOWS\system32;C:\WINDOWS;C:\WINDOWS\System32\Wbem;C:\WINDOWS\System32\WindowsPowerShell\v1.0\;C:\Program Files (x86)\Intel\Intel(R) Management Engine Components\DAL;C:\Program Files\Intel\Intel(R) Management Engine Components\DAL;C:\Program Files (x86)\Intel\Intel(R) Management Engine Components\IPT;C:\Program Files\Intel\Intel(R) Management Engine Components\IPT;C:\WINDOWS\System32\OpenSSH\;C:\Java\bin\;C:\Program Files\MySQL\MySQL Shell 8.0\bin\;C:\WINDOWS\System32;
USERNAME=suyog
OS=Windows_NT
PROCESSOR_IDENTIFIER=Intel64 Family 6 Model 142 Stepping 9, GenuineIntel



---------------  S Y S T E M  ---------------

OS: Windows 10 , 64 bit Build 17763 (10.0.17763.475)

CPU:total 4 (initial active 4) (2 cores per cpu, 2 threads per core) family 6 model 142 stepping 9, cmov, cx8, fxsr, mmx, sse, sse2, sse3, ssse3, sse4.1, sse4.2, popcnt, avx, avx2, aes, clmul, erms, 3dnowpref, lzcnt, ht, tsc, tscinvbit, bmi1, bmi2, adx, fma

Memory: 4k page, system-wide physical 8108M (2965M free)
TotalPageFile size 32637M (AvailPageFile size 80M)
current process WorkingSet (physical memory assigned to process): 9M, peak: 9M
current process commit charge ("private bytes"): 52M, peak: 179M

vm_info: Java HotSpot(TM) 64-Bit Server VM (12.0.2+10) for windows-amd64 JRE (12.0.2+10), built on Jul 16 2019 01:56:17 by "mach5one" with MS VC++ 15.5 (VS2017)

END.
